# JRE version: Java(TM) SE Runtime Environment (8.0_202-b08) (build 1.8.0_202-b08)
# Java VM: Java HotSpot(TM) 64-Bit Server VM (25.202-b08 mixed mode windows-amd64 compressed oops)
Heap:
 PSYoungGen      total 67584K, used 19426K [0x00000000d5f00000, 0x00000000dec80000, 0x0000000100000000)
  eden space 62464K, 22% used [0x00000000d5f00000,0x00000000d6cfea80,0x00000000d9c00000)
  from space 5120K, 99% used [0x00000000da500000,0x00000000da9f9e00,0x00000000daa00000)
  to   space 9216K, 0% used [0x00000000d9c00000,0x00000000d9c00000,0x00000000da500000)
 ParOldGen       total 45056K, used 7665K [0x0000000081c00000, 0x0000000084800000, 0x00000000d5f00000)
  object space 45056K, 17% used [0x0000000081c00000,0x000000008237c768,0x0000000084800000)
 Metaspace       used 25322K, capacity 27208K, committed 27264K, reserved 1073152K
  class space    used 3329K, capacity 3678K, committed 3712K, reserved 1048576K
GC Heap History (10 events):
Event: 1.557 GC heap before
{Heap before GC invocations=3 (full 0):
 PSYoungGen      total 38400K, used 38383K [0x00000000d5f00000, 0x00000000daa00000, 0x0000000100000000)
  eden space 33280K, 100% used [0x00000000d5f00000,0x00000000d7f80000,0x00000000d7f80000)
  from space 5120K, 99% used [0x00000000d8480000,0x00000000d897bed0,0x00000000d8980000)
  to   space 5120K, 0% used [0x00000000d7f80000,0x00000000d7f80000,0x00000000d8480000)
 ParOldGen       total 87552K, used 699K [0x0000000081c00000, 0x0000000087180000, 0x00000000d5f00000)
  object space 87552K, 0% used [0x0000000081c00000,0x0000000081caed20,0x0000000087180000)
 Metaspace       used 15979K, capacity 17238K, committed 17408K, reserved 1064960K
  class space    used 2038K, capacity 2279K, committed 2304K, reserved 1048576K
Event: 1.582 GC heap after
Heap after GC invocations=3 (full 0):
 PSYoungGen      total 38400K, used 5099K [0x00000000d5f00000, 0x00000000daa00000, 0x0000000100000000)
  eden space 33280K, 0% used [0x00000000d5f00000,0x00000000d5f00000,0x00000000d7f80000)
  from space 5120K, 99% used [0x00000000d7f80000,0x00000000d847ad40,0x00000000d8480000)
  to   space 5120K, 0% used [0x00000000da500000,0x00000000da500000,0x00000000daa00000)
 ParOldGen       total 87552K, used 2115K [0x0000000081c00000, 0x0000000087180000, 0x00000000d5f00000)
  object space 87552K, 2% used [0x0000000081c00000,0x0000000081e10f10,0x0000000087180000)
 Metaspace       used 15979K, capacity 17238K, committed 17408K, reserved 1064960K
  class space    used 2038K, capacity 2279K, committed 2304K, reserved 1048576K
}
Event: 1.915 GC heap before
{Heap before GC invocations=4 (full 0):
 PSYoungGen      total 38400K, used 38379K [0x00000000d5f00000, 0x00000000daa00000, 0x0000000100000000)
  eden space 33280K, 100% used [0x00000000d5f00000,0x00000000d7f80000,0x00000000d7f80000)
  from space 5120K, 99% used [0x00000000d7f80000,0x00000000d847ad40,0x00000000d8480000)
  to   space 5120K, 0% used [0x00000000da500000,0x00000000da500000,0x00000000daa00000)
 ParOldGen       total 87552K, used 2115K [0x0000000081c00000, 0x0000000087180000, 0x00000000d5f00000)
  object space 87552K, 2% used [0x0000000081c00000,0x0000000081e10f10,0x0000000087180000)
 Metaspace       used 19479K, capacity 21084K, committed 21296K, reserved 1067008K
  class space    used 2576K, capacity 2882K, committed 2944K, reserved 1048576K
Event: 1.921 GC heap after
Heap after GC invocations=4 (full 0):
 PSYoungGen      total 71680K, used 5107K [0x00000000d5f00000, 0x00000000daa00000, 0x0000000100000000)
  eden space 66560K, 0% used [0x00000000d5f00000,0x00000000d5f00000,0x00000000da000000)
  from space 5120K, 99% used [0x00000000da500000,0x00000000da9fcea0,0x00000000daa00000)
  to   space 5120K, 0% used [0x00000000da000000,0x00000000da000000,0x00000000da500000)
 ParOldGen       total 87552K, used 4746K [0x0000000081c00000, 0x0000000087180000, 0x00000000d5f00000)
  object space 87552K, 5% used [0x0000000081c00000,0x00000000820a2b50,0x0000000087180000)
 Metaspace       used 19479K, capacity 21084K, committed 21296K, reserved 1067008K
  class space    used 2576K, capacity 2882K, committed 2944K, reserved 1048576K
}
Event: 1.928 GC heap before
{Heap before GC invocations=5 (full 0):
 PSYoungGen      total 71680K, used 7575K [0x00000000d5f00000, 0x00000000daa00000, 0x0000000100000000)
  eden space 66560K, 3% used [0x00000000d5f00000,0x00000000d6169120,0x00000000da000000)
  from space 5120K, 99% used [0x00000000da500000,0x00000000da9fcea0,0x00000000daa00000)
  to   space 5120K, 0% used [0x00000000da000000,0x00000000da000000,0x00000000da500000)
 ParOldGen       total 87552K, used 4746K [0x0000000081c00000, 0x0000000087180000, 0x00000000d5f00000)
  object space 87552K, 5% used [0x0000000081c00000,0x00000000820a2b50,0x0000000087180000)
 Metaspace       used 19658K, capacity 21256K, committed 21296K, reserved 1067008K
  class space    used 2592K, capacity 2916K, committed 2944K, reserved 1048576K
Event: 1.933 GC heap after
Heap after GC invocations=5 (full 0):
 PSYoungGen      total 71680K, used 5101K [0x00000000d5f00000, 0x00000000daa00000, 0x0000000100000000)
  eden space 66560K, 0% used [0x00000000d5f00000,0x00000000d5f00000,0x00000000da000000)
  from space 5120K, 99% used [0x00000000da000000,0x00000000da4fb5b8,0x00000000da500000)
  to   space 5120K, 0% used [0x00000000da500000,0x00000000da500000,0x00000000daa00000)
 ParOldGen       total 87552K, used 4985K [0x0000000081c00000, 0x0000000087180000, 0x00000000d5f00000)
  object space 87552K, 5% used [0x0000000081c00000,0x00000000820de538,0x0000000087180000)
 Metaspace       used 19658K, capacity 21256K, committed 21296K, reserved 1067008K
  class space    used 2592K, capacity 2916K, committed 2944K, reserved 1048576K
}
Event: 1.933 GC heap before
{Heap before GC invocations=6 (full 1):
 PSYoungGen      total 71680K, used 5101K [0x00000000d5f00000, 0x00000000daa00000, 0x0000000100000000)
  eden space 66560K, 0% used [0x00000000d5f00000,0x00000000d5f00000,0x00000000da000000)
  from space 5120K, 99% used [0x00000000da000000,0x00000000da4fb5b8,0x00000000da500000)
  to   space 5120K, 0% used [0x00000000da500000,0x00000000da500000,0x00000000daa00000)
 ParOldGen       total 87552K, used 4985K [0x0000000081c00000, 0x0000000087180000, 0x00000000d5f00000)
  object space 87552K, 5% used [0x0000000081c00000,0x00000000820de538,0x0000000087180000)
 Metaspace       used 19658K, capacity 21256K, committed 21296K, reserved 1067008K
  class space    used 2592K, capacity 2916K, committed 2944K, reserved 1048576K
Event: 1.954 GC heap after
Heap after GC invocations=6 (full 1):
 PSYoungGen      total 71680K, used 0K [0x00000000d5f00000, 0x00000000daa00000, 0x0000000100000000)
  eden space 66560K, 0% used [0x00000000d5f00000,0x00000000d5f00000,0x00000000da000000)
  from space 5120K, 0% used [0x00000000da000000,0x00000000da000000,0x00000000da500000)
  to   space 5120K, 0% used [0x00000000da500000,0x00000000da500000,0x00000000daa00000)
 ParOldGen       total 45056K, used 5465K [0x0000000081c00000, 0x0000000084800000, 0x00000000d5f00000)
  object space 45056K, 12% used [0x0000000081c00000,0x00000000821565e8,0x0000000084800000)
 Metaspace       used 19658K, capacity 21256K, committed 21296K, reserved 1067008K
  class space    used 2592K, capacity 2916K, committed 2944K, reserved 1048576K
}
Event: 2.235 GC heap before
{Heap before GC invocations=7 (full 1):
 PSYoungGen      total 71680K, used 66560K [0x00000000d5f00000, 0x00000000daa00000, 0x0000000100000000)
  eden space 66560K, 100% used [0x00000000d5f00000,0x00000000da000000,0x00000000da000000)
  from space 5120K, 0% used [0x00000000da000000,0x00000000da000000,0x00000000da500000)
  to   space 5120K, 0% used [0x00000000da500000,0x00000000da500000,0x00000000daa00000)
 ParOldGen       total 45056K, used 5465K [0x0000000081c00000, 0x0000000084800000, 0x00000000d5f00000)
  object space 45056K, 12% used [0x0000000081c00000,0x00000000821565e8,0x0000000084800000)
 Metaspace       used 24864K, capacity 26700K, committed 27008K, reserved 1073152K
  class space    used 3273K, capacity 3624K, committed 3712K, reserved 1048576K
Event: 2.240 GC heap after
Heap after GC invocations=7 (full 1):
 PSYoungGen      total 67584K, used 5095K [0x00000000d5f00000, 0x00000000dec80000, 0x0000000100000000)
  eden space 62464K, 0% used [0x00000000d5f00000,0x00000000d5f00000,0x00000000d9c00000)
  from space 5120K, 99% used [0x00000000da500000,0x00000000da9f9e00,0x00000000daa00000)
  to   space 9216K, 0% used [0x00000000d9c00000,0x00000000d9c00000,0x00000000da500000)
 ParOldGen       total 45056K, used 7665K [0x0000000081c00000, 0x0000000084800000, 0x00000000d5f00000)
  object space 45056K, 17% used [0x0000000081c00000,0x000000008237c768,0x0000000084800000)
 Metaspace       used 24864K, capacity 26700K, committed 27008K, reserved 1073152K
  class space    used 3273K, capacity 3624K, committed 3712K, reserved 1048576K
}

