# JRE version: Java(TM) SE Runtime Environment (8.0_202-b08) (build 1.8.0_202-b08)
# Java VM: Java HotSpot(TM) 64-Bit Server VM (25.202-b08 mixed mode windows-amd64 compressed oops)
Heap:
 PSYoungGen      total 68096K, used 7023K [0x00000000d5f00000, 0x00000000deb00000, 0x0000000100000000)
  eden space 62976K, 3% used [0x00000000d5f00000,0x00000000d60def58,0x00000000d9c80000)
  from space 5120K, 99% used [0x00000000da500000,0x00000000da9fcd00,0x00000000daa00000)
  to   space 8704K, 0% used [0x00000000d9c80000,0x00000000d9c80000,0x00000000da500000)
 ParOldGen       total 45056K, used 7620K [0x0000000081c00000, 0x0000000084800000, 0x00000000d5f00000)
  object space 45056K, 16% used [0x0000000081c00000,0x0000000082371300,0x0000000084800000)
 Metaspace       used 25053K, capacity 26878K, committed 27008K, reserved 1073152K
  class space    used 3296K, capacity 3659K, committed 3712K, reserved 1048576K
GC Heap History (10 events):
Event: 1.551 GC heap before
{Heap before GC invocations=3 (full 0):
 PSYoungGen      total 38400K, used 38374K [0x00000000d5f00000, 0x00000000daa00000, 0x0000000100000000)
  eden space 33280K, 100% used [0x00000000d5f00000,0x00000000d7f80000,0x00000000d7f80000)
  from space 5120K, 99% used [0x00000000d8480000,0x00000000d8979b50,0x00000000d8980000)
  to   space 5120K, 0% used [0x00000000d7f80000,0x00000000d7f80000,0x00000000d8480000)
 ParOldGen       total 87552K, used 758K [0x0000000081c00000, 0x0000000087180000, 0x00000000d5f00000)
  object space 87552K, 0% used [0x0000000081c00000,0x0000000081cbd8b8,0x0000000087180000)
 Metaspace       used 15961K, capacity 17238K, committed 17408K, reserved 1064960K
  class space    used 2038K, capacity 2279K, committed 2304K, reserved 1048576K
Event: 1.637 GC heap after
Heap after GC invocations=3 (full 0):
 PSYoungGen      total 38400K, used 5088K [0x00000000d5f00000, 0x00000000daa00000, 0x0000000100000000)
  eden space 33280K, 0% used [0x00000000d5f00000,0x00000000d5f00000,0x00000000d7f80000)
  from space 5120K, 99% used [0x00000000d7f80000,0x00000000d84782a0,0x00000000d8480000)
  to   space 5120K, 0% used [0x00000000da500000,0x00000000da500000,0x00000000daa00000)
 ParOldGen       total 87552K, used 2163K [0x0000000081c00000, 0x0000000087180000, 0x00000000d5f00000)
  object space 87552K, 2% used [0x0000000081c00000,0x0000000081e1cec0,0x0000000087180000)
 Metaspace       used 15961K, capacity 17238K, committed 17408K, reserved 1064960K
  class space    used 2038K, capacity 2279K, committed 2304K, reserved 1048576K
}
Event: 2.066 GC heap before
{Heap before GC invocations=4 (full 0):
 PSYoungGen      total 38400K, used 38368K [0x00000000d5f00000, 0x00000000daa00000, 0x0000000100000000)
  eden space 33280K, 100% used [0x00000000d5f00000,0x00000000d7f80000,0x00000000d7f80000)
  from space 5120K, 99% used [0x00000000d7f80000,0x00000000d84782a0,0x00000000d8480000)
  to   space 5120K, 0% used [0x00000000da500000,0x00000000da500000,0x00000000daa00000)
 ParOldGen       total 87552K, used 2163K [0x0000000081c00000, 0x0000000087180000, 0x00000000d5f00000)
  object space 87552K, 2% used [0x0000000081c00000,0x0000000081e1cec0,0x0000000087180000)
 Metaspace       used 19485K, capacity 21084K, committed 21296K, reserved 1067008K
  class space    used 2581K, capacity 2882K, committed 2944K, reserved 1048576K
Event: 2.075 GC heap after
Heap after GC invocations=4 (full 0):
 PSYoungGen      total 71680K, used 5104K [0x00000000d5f00000, 0x00000000daa00000, 0x0000000100000000)
  eden space 66560K, 0% used [0x00000000d5f00000,0x00000000d5f00000,0x00000000da000000)
  from space 5120K, 99% used [0x00000000da500000,0x00000000da9fc2d8,0x00000000daa00000)
  to   space 5120K, 0% used [0x00000000da000000,0x00000000da000000,0x00000000da500000)
 ParOldGen       total 87552K, used 4796K [0x0000000081c00000, 0x0000000087180000, 0x00000000d5f00000)
  object space 87552K, 5% used [0x0000000081c00000,0x00000000820af190,0x0000000087180000)
 Metaspace       used 19485K, capacity 21084K, committed 21296K, reserved 1067008K
  class space    used 2581K, capacity 2882K, committed 2944K, reserved 1048576K
}
Event: 2.084 GC heap before
{Heap before GC invocations=5 (full 0):
 PSYoungGen      total 71680K, used 7273K [0x00000000d5f00000, 0x00000000daa00000, 0x0000000100000000)
  eden space 66560K, 3% used [0x00000000d5f00000,0x00000000d611e190,0x00000000da000000)
  from space 5120K, 99% used [0x00000000da500000,0x00000000da9fc2d8,0x00000000daa00000)
  to   space 5120K, 0% used [0x00000000da000000,0x00000000da000000,0x00000000da500000)
 ParOldGen       total 87552K, used 4796K [0x0000000081c00000, 0x0000000087180000, 0x00000000d5f00000)
  object space 87552K, 5% used [0x0000000081c00000,0x00000000820af190,0x0000000087180000)
 Metaspace       used 19645K, capacity 21256K, committed 21296K, reserved 1067008K
  class space    used 2596K, capacity 2916K, committed 2944K, reserved 1048576K
Event: 2.095 GC heap after
Heap after GC invocations=5 (full 0):
 PSYoungGen      total 71680K, used 5112K [0x00000000d5f00000, 0x00000000daa00000, 0x0000000100000000)
  eden space 66560K, 0% used [0x00000000d5f00000,0x00000000d5f00000,0x00000000da000000)
  from space 5120K, 99% used [0x00000000da000000,0x00000000da4fe068,0x00000000da500000)
  to   space 5120K, 0% used [0x00000000da500000,0x00000000da500000,0x00000000daa00000)
 ParOldGen       total 87552K, used 5073K [0x0000000081c00000, 0x0000000087180000, 0x00000000d5f00000)
  object space 87552K, 5% used [0x0000000081c00000,0x00000000820f45d0,0x0000000087180000)
 Metaspace       used 19645K, capacity 21256K, committed 21296K, reserved 1067008K
  class space    used 2596K, capacity 2916K, committed 2944K, reserved 1048576K
}
Event: 2.095 GC heap before
{Heap before GC invocations=6 (full 1):
 PSYoungGen      total 71680K, used 5112K [0x00000000d5f00000, 0x00000000daa00000, 0x0000000100000000)
  eden space 66560K, 0% used [0x00000000d5f00000,0x00000000d5f00000,0x00000000da000000)
  from space 5120K, 99% used [0x00000000da000000,0x00000000da4fe068,0x00000000da500000)
  to   space 5120K, 0% used [0x00000000da500000,0x00000000da500000,0x00000000daa00000)
 ParOldGen       total 87552K, used 5073K [0x0000000081c00000, 0x0000000087180000, 0x00000000d5f00000)
  object space 87552K, 5% used [0x0000000081c00000,0x00000000820f45d0,0x0000000087180000)
 Metaspace       used 19645K, capacity 21256K, committed 21296K, reserved 1067008K
  class space    used 2596K, capacity 2916K, committed 2944K, reserved 1048576K
Event: 2.133 GC heap after
Heap after GC invocations=6 (full 1):
 PSYoungGen      total 71680K, used 0K [0x00000000d5f00000, 0x00000000daa00000, 0x0000000100000000)
  eden space 66560K, 0% used [0x00000000d5f00000,0x00000000d5f00000,0x00000000da000000)
  from space 5120K, 0% used [0x00000000da000000,0x00000000da000000,0x00000000da500000)
  to   space 5120K, 0% used [0x00000000da500000,0x00000000da500000,0x00000000daa00000)
 ParOldGen       total 45056K, used 5473K [0x0000000081c00000, 0x0000000084800000, 0x00000000d5f00000)
  object space 45056K, 12% used [0x0000000081c00000,0x00000000821585a0,0x0000000084800000)
 Metaspace       used 19645K, capacity 21256K, committed 21296K, reserved 1067008K
  class space    used 2596K, capacity 2916K, committed 2944K, reserved 1048576K
}
Event: 2.468 GC heap before
{Heap before GC invocations=7 (full 1):
 PSYoungGen      total 71680K, used 66560K [0x00000000d5f00000, 0x00000000daa00000, 0x0000000100000000)
  eden space 66560K, 100% used [0x00000000d5f00000,0x00000000da000000,0x00000000da000000)
  from space 5120K, 0% used [0x00000000da000000,0x00000000da000000,0x00000000da500000)
  to   space 5120K, 0% used [0x00000000da500000,0x00000000da500000,0x00000000daa00000)
 ParOldGen       total 45056K, used 5473K [0x0000000081c00000, 0x0000000084800000, 0x00000000d5f00000)
  object space 45056K, 12% used [0x0000000081c00000,0x00000000821585a0,0x0000000084800000)
 Metaspace       used 24850K, capacity 26700K, committed 27008K, reserved 1073152K
  class space    used 3275K, capacity 3624K, committed 3712K, reserved 1048576K
Event: 2.474 GC heap after
Heap after GC invocations=7 (full 1):
 PSYoungGen      total 68096K, used 5107K [0x00000000d5f00000, 0x00000000deb00000, 0x0000000100000000)
  eden space 62976K, 0% used [0x00000000d5f00000,0x00000000d5f00000,0x00000000d9c80000)
  from space 5120K, 99% used [0x00000000da500000,0x00000000da9fcd00,0x00000000daa00000)
  to   space 8704K, 0% used [0x00000000d9c80000,0x00000000d9c80000,0x00000000da500000)
 ParOldGen       total 45056K, used 7620K [0x0000000081c00000, 0x0000000084800000, 0x00000000d5f00000)
  object space 45056K, 16% used [0x0000000081c00000,0x0000000082371300,0x0000000084800000)
 Metaspace       used 24850K, capacity 26700K, committed 27008K, reserved 1073152K
  class space    used 3275K, capacity 3624K, committed 3712K, reserved 1048576K
}

